[debug] [2021-01-23T13:36:44.554Z] ----------------------------------------------------------------------
[debug] [2021-01-23T13:36:44.556Z] Command:       C:\Program Files\nodejs\node.exe C:\Users\Akash\AppData\Roaming\npm\node_modules\firebase-tools\lib\bin\firebase.js init
[debug] [2021-01-23T13:36:44.556Z] CLI Version:   9.2.2
[debug] [2021-01-23T13:36:44.556Z] Platform:      win32
[debug] [2021-01-23T13:36:44.556Z] Node Version:  v12.18.2
[debug] [2021-01-23T13:36:44.557Z] Time:          Sat Jan 23 2021 19:06:44 GMT+0530 (India Standard Time)
[debug] [2021-01-23T13:36:44.558Z] ----------------------------------------------------------------------
[debug] [2021-01-23T13:36:44.558Z] 
[debug] [2021-01-23T13:36:44.560Z] >>> [apiv2][query] GET https://firebase-public.firebaseio.com/cli.json [none]
[debug] [2021-01-23T13:36:44.572Z] > command requires scopes: ["email","openid","https://www.googleapis.com/auth/cloudplatformprojects.readonly","https://www.googleapis.com/auth/firebase","https://www.googleapis.com/auth/cloud-platform"]
[debug] [2021-01-23T13:36:44.572Z] > authorizing via signed-in user
[info] 
     ######## #### ########  ######## ########     ###     ######  ########
     ##        ##  ##     ## ##       ##     ##  ##   ##  ##       ##
     ######    ##  ########  ######   ########  #########  ######  ######
     ##        ##  ##    ##  ##       ##     ## ##     ##       ## ##
     ##       #### ##     ## ######## ########  ##     ##  ######  ########

You're about to initialize a Firebase project in this directory:

  C:\Users\Akash\Desktop\projects\gmail-clone

[debug] [2021-01-23T13:36:47.033Z] <<< [apiv2][status] GET https://firebase-public.firebaseio.com/cli.json 200
[debug] [2021-01-23T13:36:47.034Z] <<< [apiv2][body] GET https://firebase-public.firebaseio.com/cli.json {"cloudBuildErrorAfter":1594252800000,"cloudBuildWarnAfter":1590019200000,"defaultNode10After":1594252800000,"minVersion":"3.0.5","node8DeploysDisabledAfter":1613390400000,"node8RuntimeDisabledAfter":1615809600000,"node8WarnAfter":1600128000000}
